<?xml version="1.0" encoding="UTF-8"?>
<!-- Generated by org.testng.reporters.JUnitReportReporter -->
<testsuite hostname="SYNPYPUL014H2PQ" failures="0" tests="1" name="Sample.NewTest1" time="0.021" errors="0" timestamp="2023-10-06T12:36:57 IST" skipped="0">
  <testcase classname="Sample.NewTest1" name="f" time="0.021"/>
</testsuite> <!-- Sample.NewTest1 -->
